# JRE version: OpenJDK Runtime Environment Temurin-17.0.9+9 (17.0.9+9) (build 17.0.9+9)
# Java VM: OpenJDK 64-Bit Server VM Temurin-17.0.9+9 (17.0.9+9, mixed mode, tiered, compressed oops, compressed class ptrs, g1 gc, windows-amd64)
GC Precious Log:
 CPUs: 8 total, 8 available
 Memory: 8025M
 Large Page Support: Disabled
 NUMA Support: Disabled
 Compressed Oops: Enabled (32-bit)
 Heap Region Size: 1M
 Heap Min Capacity: 8M
 Heap Initial Capacity: 126M
 Heap Max Capacity: 2008M
 Pre-touch: Disabled
 Parallel Workers: 8
 Concurrent Workers: 2
 Concurrent Refinement Workers: 8
 Periodic GC: Disabled
Heap:
 garbage-first heap   total 37888K, used 22623K [0x0000000082800000, 0x0000000100000000)
  region size 1024K, 11 young (11264K), 2 survivors (2048K)
 Metaspace       used 32535K, committed 32896K, reserved 1114112K
  class space    used 3623K, committed 3776K, reserved 1048576K
GC Heap History (12 events):
Event: 0.757 GC heap before
{Heap before GC invocations=0 (full 0):
 garbage-first heap   total 129024K, used 24576K [0x0000000082800000, 0x0000000100000000)
  region size 1024K, 23 young (23552K), 0 survivors (0K)
 Metaspace       used 15385K, committed 15744K, reserved 1114112K
  class space    used 1563K, committed 1728K, reserved 1048576K
}
Event: 0.761 GC heap after
{Heap after GC invocations=1 (full 0):
 garbage-first heap   total 129024K, used 6806K [0x0000000082800000, 0x0000000100000000)
  region size 1024K, 3 young (3072K), 3 survivors (3072K)
 Metaspace       used 15385K, committed 15744K, reserved 1114112K
  class space    used 1563K, committed 1728K, reserved 1048576K
}
Event: 1.850 GC heap before
{Heap before GC invocations=1 (full 0):
 garbage-first heap   total 129024K, used 21142K [0x0000000082800000, 0x0000000100000000)
  region size 1024K, 18 young (18432K), 3 survivors (3072K)
 Metaspace       used 21194K, committed 21504K, reserved 1114112K
  class space    used 2252K, committed 2432K, reserved 1048576K
}
Event: 1.854 GC heap after
{Heap after GC invocations=2 (full 0):
 garbage-first heap   total 129024K, used 9526K [0x0000000082800000, 0x0000000100000000)
  region size 1024K, 3 young (3072K), 3 survivors (3072K)
 Metaspace       used 21194K, committed 21504K, reserved 1114112K
  class space    used 2252K, committed 2432K, reserved 1048576K
}
Event: 6.388 GC heap before
{Heap before GC invocations=3 (full 0):
 garbage-first heap   total 37888K, used 26934K [0x0000000082800000, 0x0000000100000000)
  region size 1024K, 22 young (22528K), 3 survivors (3072K)
 Metaspace       used 25743K, committed 26112K, reserved 1114112K
  class space    used 2877K, committed 3072K, reserved 1048576K
}
Event: 6.392 GC heap after
{Heap after GC invocations=4 (full 0):
 garbage-first heap   total 37888K, used 11080K [0x0000000082800000, 0x0000000100000000)
  region size 1024K, 4 young (4096K), 4 survivors (4096K)
 Metaspace       used 25743K, committed 26112K, reserved 1114112K
  class space    used 2877K, committed 3072K, reserved 1048576K
}
Event: 26.671 GC heap before
{Heap before GC invocations=4 (full 0):
 garbage-first heap   total 37888K, used 12104K [0x0000000082800000, 0x0000000100000000)
  region size 1024K, 5 young (5120K), 4 survivors (4096K)
 Metaspace       used 25818K, committed 26176K, reserved 1114112K
  class space    used 2886K, committed 3072K, reserved 1048576K
}
Event: 26.675 GC heap after
{Heap after GC invocations=5 (full 0):
 garbage-first heap   total 37888K, used 11554K [0x0000000082800000, 0x0000000100000000)
  region size 1024K, 1 young (1024K), 1 survivors (1024K)
 Metaspace       used 25818K, committed 26176K, reserved 1114112K
  class space    used 2886K, committed 3072K, reserved 1048576K
}
Event: 27.760 GC heap before
{Heap before GC invocations=5 (full 0):
 garbage-first heap   total 37888K, used 25890K [0x0000000082800000, 0x0000000100000000)
  region size 1024K, 16 young (16384K), 1 survivors (1024K)
 Metaspace       used 29603K, committed 29952K, reserved 1114112K
  class space    used 3274K, committed 3456K, reserved 1048576K
}
Event: 27.763 GC heap after
{Heap after GC invocations=6 (full 0):
 garbage-first heap   total 37888K, used 13446K [0x0000000082800000, 0x0000000100000000)
  region size 1024K, 2 young (2048K), 2 survivors (2048K)
 Metaspace       used 29603K, committed 29952K, reserved 1114112K
  class space    used 3274K, committed 3456K, reserved 1048576K
}
Event: 28.456 GC heap before
{Heap before GC invocations=6 (full 0):
 garbage-first heap   total 37888K, used 26758K [0x0000000082800000, 0x0000000100000000)
  region size 1024K, 15 young (15360K), 2 survivors (2048K)
 Metaspace       used 32165K, committed 32512K, reserved 1114112K
  class space    used 3616K, committed 3776K, reserved 1048576K
}
Event: 28.474 GC heap after
{Heap after GC invocations=7 (full 0):
 garbage-first heap   total 37888K, used 14431K [0x0000000082800000, 0x0000000100000000)
  region size 1024K, 2 young (2048K), 2 survivors (2048K)
 Metaspace       used 32165K, committed 32512K, reserved 1114112K
  class space    used 3616K, committed 3776K, reserved 1048576K
}

