<?xml version="1.0" encoding="UTF-8"?>
<!-- Generated by org.testng.reporters.JUnitXMLReporter -->
<testsuite ignored="0" hostname="PRASHANTA" failures="0" tests="3" name="TestRunner2" time="66.56" errors="0" timestamp="2025-06-21T09:54:05 IST">
  <testcase classname="june_08_TestNG_DataProvider.DataProviderUsingExcel1" name="getPriceOfProd" time="26.443"/>
  <testcase classname="june_08_TestNG_DataProvider.DataProviderUsingExcel1" name="getPriceOfProd" time="20.446"/>
  <testcase classname="june_08_TestNG_DataProvider.DataProviderUsingExcel1" name="getPriceOfProd" time="17.939"/>
</testsuite> <!-- TestRunner2 -->
