<?xml version="1.0" encoding="UTF-8"?>
<testng-results ignored="0" total="1" passed="1" failed="0" skipped="0">
  <reporter-output>
    <line>
      <![CDATA[Establish the DB connectivity]]>
    </line>
    <line>
      <![CDATA[Pre-condition]]>
    </line>
    <line>
      <![CDATA[Launching the browser]]>
    </line>
    <line>
      <![CDATA[Login action started]]>
    </line>
    <line>
      <![CDATA[Login successful]]>
    </line>
    <line>
      <![CDATA[LogOut action started]]>
    </line>
    <line>
      <![CDATA[Logged out successfully]]>
    </line>
    <line>
      <![CDATA[Browser closed]]>
    </line>
    <line>
      <![CDATA[Post-condition]]>
    </line>
    <line>
      <![CDATA[Disconnect DB]]>
    </line>
  </reporter-output>
  <suite started-at="2025-06-28T23:28:52 IST" name="Default suite" finished-at="2025-06-28T23:29:27 IST" duration-ms="35190">
    <groups>
    </groups>
    <test started-at="2025-06-28T23:28:52 IST" name="Default test" finished-at="2025-06-28T23:29:27 IST" duration-ms="35190">
      <class name="june_15_TestNG_ObjectRepository.CreateCampaignwithDate">
        <test-method is-config="true" signature="configBS()[pri:0, instance:june_15_TestNG_ObjectRepository.CreateCampaignwithDate@75d3a5e0]" started-at="2025-06-28T23:28:52 IST" name="configBS" finished-at="2025-06-28T23:28:52 IST" duration-ms="23" status="PASS">
          <reporter-output>
            <line>
              <![CDATA[Establish the DB connectivity]]>
            </line>
          </reporter-output>
        </test-method> <!-- configBS -->
        <test-method is-config="true" signature="configBT()[pri:0, instance:june_15_TestNG_ObjectRepository.CreateCampaignwithDate@75d3a5e0]" started-at="2025-06-28T23:28:52 IST" name="configBT" finished-at="2025-06-28T23:28:52 IST" duration-ms="1" status="PASS">
          <reporter-output>
            <line>
              <![CDATA[Pre-condition]]>
            </line>
          </reporter-output>
        </test-method> <!-- configBT -->
        <test-method is-config="true" signature="configBC()[pri:0, instance:june_15_TestNG_ObjectRepository.CreateCampaignwithDate@75d3a5e0]" started-at="2025-06-28T23:28:52 IST" name="configBC" finished-at="2025-06-28T23:28:59 IST" duration-ms="7229" status="PASS">
          <reporter-output>
            <line>
              <![CDATA[Launching the browser]]>
            </line>
          </reporter-output>
        </test-method> <!-- configBC -->
        <test-method is-config="true" signature="configBM()[pri:0, instance:june_15_TestNG_ObjectRepository.CreateCampaignwithDate@75d3a5e0]" started-at="2025-06-28T23:28:59 IST" name="configBM" finished-at="2025-06-28T23:29:10 IST" duration-ms="10677" status="PASS">
          <reporter-output>
            <line>
              <![CDATA[Login action started]]>
            </line>
            <line>
              <![CDATA[Login successful]]>
            </line>
          </reporter-output>
        </test-method> <!-- configBM -->
        <test-method signature="CreateCampaign_ORImplementation()[pri:0, instance:june_15_TestNG_ObjectRepository.CreateCampaignwithDate@75d3a5e0]" started-at="2025-06-28T23:29:10 IST" name="CreateCampaign_ORImplementation" finished-at="2025-06-28T23:29:26 IST" duration-ms="16525" status="PASS">
          <reporter-output>
          </reporter-output>
        </test-method> <!-- CreateCampaign_ORImplementation -->
        <test-method is-config="true" signature="configAM()[pri:0, instance:june_15_TestNG_ObjectRepository.CreateCampaignwithDate@75d3a5e0]" started-at="2025-06-28T23:29:26 IST" name="configAM" finished-at="2025-06-28T23:29:27 IST" duration-ms="395" status="PASS">
          <reporter-output>
            <line>
              <![CDATA[LogOut action started]]>
            </line>
            <line>
              <![CDATA[Logged out successfully]]>
            </line>
          </reporter-output>
        </test-method> <!-- configAM -->
        <test-method is-config="true" signature="configAC()[pri:0, instance:june_15_TestNG_ObjectRepository.CreateCampaignwithDate@75d3a5e0]" started-at="2025-06-28T23:29:27 IST" name="configAC" finished-at="2025-06-28T23:29:27 IST" duration-ms="254" status="PASS">
          <reporter-output>
            <line>
              <![CDATA[Browser closed]]>
            </line>
          </reporter-output>
        </test-method> <!-- configAC -->
        <test-method is-config="true" signature="configAT()[pri:0, instance:june_15_TestNG_ObjectRepository.CreateCampaignwithDate@75d3a5e0]" started-at="2025-06-28T23:29:27 IST" name="configAT" finished-at="2025-06-28T23:29:27 IST" duration-ms="2" status="PASS">
          <reporter-output>
            <line>
              <![CDATA[Post-condition]]>
            </line>
          </reporter-output>
        </test-method> <!-- configAT -->
        <test-method is-config="true" signature="configAS()[pri:0, instance:june_15_TestNG_ObjectRepository.CreateCampaignwithDate@75d3a5e0]" started-at="2025-06-28T23:29:27 IST" name="configAS" finished-at="2025-06-28T23:29:27 IST" duration-ms="0" status="PASS">
          <reporter-output>
            <line>
              <![CDATA[Disconnect DB]]>
            </line>
          </reporter-output>
        </test-method> <!-- configAS -->
      </class> <!-- june_15_TestNG_ObjectRepository.CreateCampaignwithDate -->
    </test> <!-- Default test -->
  </suite> <!-- Default suite -->
</testng-results>
